nohup: ignoring input

  .   ____          _            __ _ _
 /\\ / ___'_ __ _ _(_)_ __  __ _ \ \ \ \
( ( )\___ | '_ | '_| | '_ \/ _` | \ \ \ \
 \\/  ___)| |_)| | | | | || (_| |  ) ) ) )
  '  |____| .__|_| |_|_| |_\__, | / / / /
 =========|_|==============|___/=/_/_/_/
 :: Spring Boot ::                (v3.2.2)

2024-02-04T16:33:12.137+05:30  INFO 3428 --- [           main] c.e.s.SpringBootTutorialApplication      : Starting SpringBootTutorialApplication v0.0.1-SNAPSHOT using Java 17.0.10 with PID 3428 (C:\Users\kumar\IdeaProjects\spring-boot-tutorial\target\spring-boot-tutorial-0.0.1-SNAPSHOT.jar started by kumar in C:\Users\kumar\IdeaProjects\spring-boot-tutorial)
2024-02-04T16:33:12.145+05:30  INFO 3428 --- [           main] c.e.s.SpringBootTutorialApplication      : No active profile set, falling back to 1 default profile: "default"
2024-02-04T16:33:13.766+05:30  INFO 3428 --- [           main] o.s.b.w.embedded.tomcat.TomcatWebServer  : Tomcat initialized with port 8080 (http)
2024-02-04T16:33:13.783+05:30  INFO 3428 --- [           main] o.apache.catalina.core.StandardService   : Starting service [Tomcat]
2024-02-04T16:33:13.784+05:30  INFO 3428 --- [           main] o.apache.catalina.core.StandardEngine    : Starting Servlet engine: [Apache Tomcat/10.1.18]
2024-02-04T16:33:13.841+05:30  INFO 3428 --- [           main] o.a.c.c.C.[Tomcat].[localhost].[/]       : Initializing Spring embedded WebApplicationContext
2024-02-04T16:33:13.841+05:30  INFO 3428 --- [           main] w.s.c.ServletWebServerApplicationContext : Root WebApplicationContext: initialization completed in 1535 ms
2024-02-04T16:33:14.012+05:30  INFO 3428 --- [           main] o.s.b.a.w.s.WelcomePageHandlerMapping    : Adding welcome page: class path resource [static/index.html]
2024-02-04T16:33:14.371+05:30  INFO 3428 --- [           main] o.s.b.w.embedded.tomcat.TomcatWebServer  : Tomcat started on port 8080 (http) with context path ''
2024-02-04T16:33:14.391+05:30  INFO 3428 --- [           main] c.e.s.SpringBootTutorialApplication      : Started SpringBootTutorialApplication in 2.896 seconds (process running for 3.603)
2024-02-04T16:33:50.463+05:30  INFO 3428 --- [nio-8080-exec-1] o.a.c.c.C.[Tomcat].[localhost].[/]       : Initializing Spring DispatcherServlet 'dispatcherServlet'
2024-02-04T16:33:50.463+05:30  INFO 3428 --- [nio-8080-exec-1] o.s.web.servlet.DispatcherServlet        : Initializing Servlet 'dispatcherServlet'
2024-02-04T16:33:50.463+05:30  INFO 3428 --- [nio-8080-exec-1] o.s.web.servlet.DispatcherServlet        : Completed initialization in 0 ms
